[2018-09-11 01:12:42] local.ERROR: Please provide a valid cache path. {"exception":"[object] (InvalidArgumentException(code: 0): Please provide a valid cache path. at /Users/wiltinoco/Documents/PROYECTOS/funydrive/vendor/laravel/framework/src/Illuminate/View/Compilers/Compiler.php:36)
[stacktrace]
#0 /Users/wiltinoco/Documents/PROYECTOS/funydrive/vendor/laravel/framework/src/Illuminate/View/ViewServiceProvider.php(141): Illuminate\\View\\Compilers\\Compiler->__construct(Object(Illuminate\\Filesystem\\Filesystem), false)
#1 /Users/wiltinoco/Documents/PROYECTOS/funydrive/vendor/laravel/framework/src/Illuminate/Container/Container.php(764): Illuminate\\View\\ViewServiceProvider->Illuminate\\View\\{closure}(Object(Illuminate\\Foundation\\Application), Array)
#2 /Users/wiltinoco/Documents/PROYECTOS/funydrive/vendor/laravel/framework/src/Illuminate/Container/Container.php(646): Illuminate\\Container\\Container->build(Object(Closure))
#3 /Users/wiltinoco/Documents/PROYECTOS/funydrive/vendor/laravel/framework/src/Illuminate/Container/Container.php(601): Illuminate\\Container\\Container->resolve('blade.compiler', Array)
#4 /Users/wiltinoco/Documents/PROYECTOS/funydrive/vendor/laravel/framework/src/Illuminate/Foundation/Application.php(734): Illuminate\\Container\\Container->make('blade.compiler', Array)
#5 /Users/wiltinoco/Documents/PROYECTOS/funydrive/vendor/laravel/framework/src/Illuminate/Container/Container.php(1210): Illuminate\\Foundation\\Application->make('blade.compiler')
#6 /Users/wiltinoco/Documents/PROYECTOS/funydrive/vendor/laravel/framework/src/Illuminate/View/ViewServiceProvider.php(146): Illuminate\\Container\\Container->offsetGet('blade.compiler')
#7 [internal function]: Illuminate\\View\\ViewServiceProvider->Illuminate\\View\\{closure}()
#8 /Users/wiltinoco/Documents/PROYECTOS/funydrive/vendor/laravel/framework/src/Illuminate/View/Engines/EngineResolver.php(54): call_user_func(Object(Closure))
#9 /Users/wiltinoco/Documents/PROYECTOS/funydrive/vendor/laravel/framework/src/Illuminate/View/Factory.php(286): Illuminate\\View\\Engines\\EngineResolver->resolve('blade')
#10 /Users/wiltinoco/Documents/PROYECTOS/funydrive/vendor/laravel/framework/src/Illuminate/View/Factory.php(250): Illuminate\\View\\Factory->getEngineFromPath('/Users/wiltinoc...')
#11 /Users/wiltinoco/Documents/PROYECTOS/funydrive/vendor/laravel/framework/src/Illuminate/View/Factory.php(136): Illuminate\\View\\Factory->viewInstance('home', '/Users/wiltinoc...', Array)
#12 /Users/wiltinoco/Documents/PROYECTOS/funydrive/vendor/laravel/framework/src/Illuminate/Foundation/helpers.php(1001): Illuminate\\View\\Factory->make('home', Array, Array)
#13 /Users/wiltinoco/Documents/PROYECTOS/funydrive/app/Http/Controllers/HomeController.php(45): view('home', Array)
#14 [internal function]: App\\Http\\Controllers\\HomeController->index()
#15 /Users/wiltinoco/Documents/PROYECTOS/funydrive/vendor/laravel/framework/src/Illuminate/Routing/Controller.php(54): call_user_func_array(Array, Array)
#16 /Users/wiltinoco/Documents/PROYECTOS/funydrive/vendor/laravel/framework/src/Illuminate/Routing/ControllerDispatcher.php(45): Illuminate\\Routing\\Controller->callAction('index', Array)
#17 /Users/wiltinoco/Documents/PROYECTOS/funydrive/vendor/laravel/framework/src/Illuminate/Routing/Route.php(212): Illuminate\\Routing\\ControllerDispatcher->dispatch(Object(Illuminate\\Routing\\Route), Object(App\\Http\\Controllers\\HomeController), 'index')
#18 /Users/wiltinoco/Documents/PROYECTOS/funydrive/vendor/laravel/framework/src/Illuminate/Routing/Route.php(169): Illuminate\\Routing\\Route->runController()
#19 /Users/wiltinoco/Documents/PROYECTOS/funydrive/vendor/laravel/framework/src/Illuminate/Routing/Router.php(665): Illuminate\\Routing\\Route->run()
#20 /Users/wiltinoco/Documents/PROYECTOS/funydrive/vendor/laravel/framework/src/Illuminate/Routing/Pipeline.php(30): Illuminate\\Routing\\Router->Illuminate\\Routing\\{closure}(Object(Illuminate\\Http\\Request))
#21 /Users/wiltinoco/Documents/PROYECTOS/funydrive/vendor/laravel/framework/src/Illuminate/Routing/Middleware/SubstituteBindings.php(41): Illuminate\\Routing\\Pipeline->Illuminate\\Routing\\{closure}(Object(Illuminate\\Http\\Request))
#22 /Users/wiltinoco/Documents/PROYECTOS/funydrive/vendor/laravel/framework/src/Illuminate/Pipeline/Pipeline.php(151): Illuminate\\Routing\\Middleware\\SubstituteBindings->handle(Object(Illuminate\\Http\\Request), Object(Closure))
#23 /Users/wiltinoco/Documents/PROYECTOS/funydrive/vendor/laravel/framework/src/Illuminate/Routing/Pipeline.php(53): Illuminate\\Pipeline\\Pipeline->Illuminate\\Pipeline\\{closure}(Object(Illuminate\\Http\\Request))
#24 /Users/wiltinoco/Documents/PROYECTOS/funydrive/vendor/laravel/framework/src/Illuminate/Foundation/Http/Middleware/VerifyCsrfToken.php(68): Illuminate\\Routing\\Pipeline->Illuminate\\Routing\\{closure}(Object(Illuminate\\Http\\Request))
#25 /Users/wiltinoco/Documents/PROYECTOS/funydrive/vendor/laravel/framework/src/Illuminate/Pipeline/Pipeline.php(151): Illuminate\\Foundation\\Http\\Middleware\\VerifyCsrfToken->handle(Object(Illuminate\\Http\\Request), Object(Closure))
#26 /Users/wiltinoco/Documents/PROYECTOS/funydrive/vendor/laravel/framework/src/Illuminate/Routing/Pipeline.php(53): Illuminate\\Pipeline\\Pipeline->Illuminate\\Pipeline\\{closure}(Object(Illuminate\\Http\\Request))
#27 /Users/wiltinoco/Documents/PROYECTOS/funydrive/vendor/laravel/framework/src/Illuminate/View/Middleware/ShareErrorsFromSession.php(49): Illuminate\\Routing\\Pipeline->Illuminate\\Routing\\{closure}(Object(Illuminate\\Http\\Request))
#28 /Users/wiltinoco/Documents/PROYECTOS/funydrive/vendor/laravel/framework/src/Illuminate/Pipeline/Pipeline.php(151): Illuminate\\View\\Middleware\\ShareErrorsFromSession->handle(Object(Illuminate\\Http\\Request), Object(Closure))
#29 /Users/wiltinoco/Documents/PROYECTOS/funydrive/vendor/laravel/framework/src/Illuminate/Routing/Pipeline.php(53): Illuminate\\Pipeline\\Pipeline->Illuminate\\Pipeline\\{closure}(Object(Illuminate\\Http\\Request))
#30 /Users/wiltinoco/Documents/PROYECTOS/funydrive/vendor/laravel/framework/src/Illuminate/Session/Middleware/StartSession.php(63): Illuminate\\Routing\\Pipeline->Illuminate\\Routing\\{closure}(Object(Illuminate\\Http\\Request))
#31 /Users/wiltinoco/Documents/PROYECTOS/funydrive/vendor/laravel/framework/src/Illuminate/Pipeline/Pipeline.php(151): Illuminate\\Session\\Middleware\\StartSession->handle(Object(Illuminate\\Http\\Request), Object(Closure))
#32 /Users/wiltinoco/Documents/PROYECTOS/funydrive/vendor/laravel/framework/src/Illuminate/Routing/Pipeline.php(53): Illuminate\\Pipeline\\Pipeline->Illuminate\\Pipeline\\{closure}(Object(Illuminate\\Http\\Request))
#33 /Users/wiltinoco/Documents/PROYECTOS/funydrive/vendor/laravel/framework/src/Illuminate/Cookie/Middleware/AddQueuedCookiesToResponse.php(37): Illuminate\\Routing\\Pipeline->Illuminate\\Routing\\{closure}(Object(Illuminate\\Http\\Request))
#34 /Users/wiltinoco/Documents/PROYECTOS/funydrive/vendor/laravel/framework/src/Illuminate/Pipeline/Pipeline.php(151): Illuminate\\Cookie\\Middleware\\AddQueuedCookiesToResponse->handle(Object(Illuminate\\Http\\Request), Object(Closure))
#35 /Users/wiltinoco/Documents/PROYECTOS/funydrive/vendor/laravel/framework/src/Illuminate/Routing/Pipeline.php(53): Illuminate\\Pipeline\\Pipeline->Illuminate\\Pipeline\\{closure}(Object(Illuminate\\Http\\Request))
#36 /Users/wiltinoco/Documents/PROYECTOS/funydrive/vendor/laravel/framework/src/Illuminate/Cookie/Middleware/EncryptCookies.php(66): Illuminate\\Routing\\Pipeline->Illuminate\\Routing\\{closure}(Object(Illuminate\\Http\\Request))
#37 /Users/wiltinoco/Documents/PROYECTOS/funydrive/vendor/laravel/framework/src/Illuminate/Pipeline/Pipeline.php(151): Illuminate\\Cookie\\Middleware\\EncryptCookies->handle(Object(Illuminate\\Http\\Request), Object(Closure))
#38 /Users/wiltinoco/Documents/PROYECTOS/funydrive/vendor/laravel/framework/src/Illuminate/Routing/Pipeline.php(53): Illuminate\\Pipeline\\Pipeline->Illuminate\\Pipeline\\{closure}(Object(Illuminate\\Http\\Request))
#39 /Users/wiltinoco/Documents/PROYECTOS/funydrive/vendor/laravel/framework/src/Illuminate/Pipeline/Pipeline.php(104): Illuminate\\Routing\\Pipeline->Illuminate\\Routing\\{closure}(Object(Illuminate\\Http\\Request))
#40 /Users/wiltinoco/Documents/PROYECTOS/funydrive/vendor/laravel/framework/src/Illuminate/Routing/Router.php(667): Illuminate\\Pipeline\\Pipeline->then(Object(Closure))
#41 /Users/wiltinoco/Documents/PROYECTOS/funydrive/vendor/laravel/framework/src/Illuminate/Routing/Router.php(642): Illuminate\\Routing\\Router->runRouteWithinStack(Object(Illuminate\\Routing\\Route), Object(Illuminate\\Http\\Request))
#42 /Users/wiltinoco/Documents/PROYECTOS/funydrive/vendor/laravel/framework/src/Illuminate/Routing/Router.php(608): Illuminate\\Routing\\Router->runRoute(Object(Illuminate\\Http\\Request), Object(Illuminate\\Routing\\Route))
#43 /Users/wiltinoco/Documents/PROYECTOS/funydrive/vendor/laravel/framework/src/Illuminate/Routing/Router.php(597): Illuminate\\Routing\\Router->dispatchToRoute(Object(Illuminate\\Http\\Request))
#44 /Users/wiltinoco/Documents/PROYECTOS/funydrive/vendor/laravel/framework/src/Illuminate/Foundation/Http/Kernel.php(176): Illuminate\\Routing\\Router->dispatch(Object(Illuminate\\Http\\Request))
#45 /Users/wiltinoco/Documents/PROYECTOS/funydrive/vendor/laravel/framework/src/Illuminate/Routing/Pipeline.php(30): Illuminate\\Foundation\\Http\\Kernel->Illuminate\\Foundation\\Http\\{closure}(Object(Illuminate\\Http\\Request))
#46 /Users/wiltinoco/Documents/PROYECTOS/funydrive/vendor/fideloper/proxy/src/TrustProxies.php(57): Illuminate\\Routing\\Pipeline->Illuminate\\Routing\\{closure}(Object(Illuminate\\Http\\Request))
#47 /Users/wiltinoco/Documents/PROYECTOS/funydrive/vendor/laravel/framework/src/Illuminate/Pipeline/Pipeline.php(151): Fideloper\\Proxy\\TrustProxies->handle(Object(Illuminate\\Http\\Request), Object(Closure))
#48 /Users/wiltinoco/Documents/PROYECTOS/funydrive/vendor/laravel/framework/src/Illuminate/Routing/Pipeline.php(53): Illuminate\\Pipeline\\Pipeline->Illuminate\\Pipeline\\{closure}(Object(Illuminate\\Http\\Request))
#49 /Users/wiltinoco/Documents/PROYECTOS/funydrive/vendor/laravel/framework/src/Illuminate/Foundation/Http/Middleware/TransformsRequest.php(31): Illuminate\\Routing\\Pipeline->Illuminate\\Routing\\{closure}(Object(Illuminate\\Http\\Request))
#50 /Users/wiltinoco/Documents/PROYECTOS/funydrive/vendor/laravel/framework/src/Illuminate/Pipeline/Pipeline.php(151): Illuminate\\Foundation\\Http\\Middleware\\TransformsRequest->handle(Object(Illuminate\\Http\\Request), Object(Closure))
#51 /Users/wiltinoco/Documents/PROYECTOS/funydrive/vendor/laravel/framework/src/Illuminate/Routing/Pipeline.php(53): Illuminate\\Pipeline\\Pipeline->Illuminate\\Pipeline\\{closure}(Object(Illuminate\\Http\\Request))
#52 /Users/wiltinoco/Documents/PROYECTOS/funydrive/vendor/laravel/framework/src/Illuminate/Foundation/Http/Middleware/TransformsRequest.php(31): Illuminate\\Routing\\Pipeline->Illuminate\\Routing\\{closure}(Object(Illuminate\\Http\\Request))
#53 /Users/wiltinoco/Documents/PROYECTOS/funydrive/vendor/laravel/framework/src/Illuminate/Pipeline/Pipeline.php(151): Illuminate\\Foundation\\Http\\Middleware\\TransformsRequest->handle(Object(Illuminate\\Http\\Request), Object(Closure))
#54 /Users/wiltinoco/Documents/PROYECTOS/funydrive/vendor/laravel/framework/src/Illuminate/Routing/Pipeline.php(53): Illuminate\\Pipeline\\Pipeline->Illuminate\\Pipeline\\{closure}(Object(Illuminate\\Http\\Request))
#55 /Users/wiltinoco/Documents/PROYECTOS/funydrive/vendor/laravel/framework/src/Illuminate/Foundation/Http/Middleware/ValidatePostSize.php(27): Illuminate\\Routing\\Pipeline->Illuminate\\Routing\\{closure}(Object(Illuminate\\Http\\Request))
#56 /Users/wiltinoco/Documents/PROYECTOS/funydrive/vendor/laravel/framework/src/Illuminate/Pipeline/Pipeline.php(151): Illuminate\\Foundation\\Http\\Middleware\\ValidatePostSize->handle(Object(Illuminate\\Http\\Request), Object(Closure))
#57 /Users/wiltinoco/Documents/PROYECTOS/funydrive/vendor/laravel/framework/src/Illuminate/Routing/Pipeline.php(53): Illuminate\\Pipeline\\Pipeline->Illuminate\\Pipeline\\{closure}(Object(Illuminate\\Http\\Request))
#58 /Users/wiltinoco/Documents/PROYECTOS/funydrive/vendor/laravel/framework/src/Illuminate/Foundation/Http/Middleware/CheckForMaintenanceMode.php(62): Illuminate\\Routing\\Pipeline->Illuminate\\Routing\\{closure}(Object(Illuminate\\Http\\Request))
#59 /Users/wiltinoco/Documents/PROYECTOS/funydrive/vendor/laravel/framework/src/Illuminate/Pipeline/Pipeline.php(151): Illuminate\\Foundation\\Http\\Middleware\\CheckForMaintenanceMode->handle(Object(Illuminate\\Http\\Request), Object(Closure))
#60 /Users/wiltinoco/Documents/PROYECTOS/funydrive/vendor/laravel/framework/src/Illuminate/Routing/Pipeline.php(53): Illuminate\\Pipeline\\Pipeline->Illuminate\\Pipeline\\{closure}(Object(Illuminate\\Http\\Request))
#61 /Users/wiltinoco/Documents/PROYECTOS/funydrive/vendor/laravel/framework/src/Illuminate/Pipeline/Pipeline.php(104): Illuminate\\Routing\\Pipeline->Illuminate\\Routing\\{closure}(Object(Illuminate\\Http\\Request))
#62 /Users/wiltinoco/Documents/PROYECTOS/funydrive/vendor/laravel/framework/src/Illuminate/Foundation/Http/Kernel.php(151): Illuminate\\Pipeline\\Pipeline->then(Object(Closure))
#63 /Users/wiltinoco/Documents/PROYECTOS/funydrive/vendor/laravel/framework/src/Illuminate/Foundation/Http/Kernel.php(116): Illuminate\\Foundation\\Http\\Kernel->sendRequestThroughRouter(Object(Illuminate\\Http\\Request))
#64 /Users/wiltinoco/Documents/PROYECTOS/funydrive/public/index.php(55): Illuminate\\Foundation\\Http\\Kernel->handle(Object(Illuminate\\Http\\Request))
#65 /Users/wiltinoco/.composer/vendor/laravel/valet/server.php(147): require('/Users/wiltinoc...')
#66 {main}
"} 
[2018-09-11 01:12:42] local.ERROR: file_put_contents(/Users/wiltinoco/Documents/PROYECTOS/funydrive/storage/framework/sessions/tdPxz3JlxE4MAEREHY8D8a3iNzVw3UdoYCZwpmCU): failed to open stream: No such file or directory {"exception":"[object] (ErrorException(code: 0): file_put_contents(/Users/wiltinoco/Documents/PROYECTOS/funydrive/storage/framework/sessions/tdPxz3JlxE4MAEREHY8D8a3iNzVw3UdoYCZwpmCU): failed to open stream: No such file or directory at /Users/wiltinoco/Documents/PROYECTOS/funydrive/vendor/laravel/framework/src/Illuminate/Filesystem/Filesystem.php:122)
[stacktrace]
#0 [internal function]: Illuminate\\Foundation\\Bootstrap\\HandleExceptions->handleError(2, 'file_put_conten...', '/Users/wiltinoc...', 122, Array)
#1 /Users/wiltinoco/Documents/PROYECTOS/funydrive/vendor/laravel/framework/src/Illuminate/Filesystem/Filesystem.php(122): file_put_contents('/Users/wiltinoc...', 'a:3:{s:6:\"_toke...', 2)
#2 /Users/wiltinoco/Documents/PROYECTOS/funydrive/vendor/laravel/framework/src/Illuminate/Session/FileSessionHandler.php(83): Illuminate\\Filesystem\\Filesystem->put('/Users/wiltinoc...', 'a:3:{s:6:\"_toke...', true)
#3 /Users/wiltinoco/Documents/PROYECTOS/funydrive/vendor/laravel/framework/src/Illuminate/Session/Store.php(129): Illuminate\\Session\\FileSessionHandler->write('tdPxz3JlxE4MAER...', 'a:3:{s:6:\"_toke...')
#4 /Users/wiltinoco/Documents/PROYECTOS/funydrive/vendor/laravel/framework/src/Illuminate/Session/Middleware/StartSession.php(87): Illuminate\\Session\\Store->save()
#5 /Users/wiltinoco/Documents/PROYECTOS/funydrive/vendor/laravel/framework/src/Illuminate/Foundation/Http/Kernel.php(218): Illuminate\\Session\\Middleware\\StartSession->terminate(Object(Illuminate\\Http\\Request), Object(Illuminate\\Http\\Response))
#6 /Users/wiltinoco/Documents/PROYECTOS/funydrive/vendor/laravel/framework/src/Illuminate/Foundation/Http/Kernel.php(189): Illuminate\\Foundation\\Http\\Kernel->terminateMiddleware(Object(Illuminate\\Http\\Request), Object(Illuminate\\Http\\Response))
#7 /Users/wiltinoco/Documents/PROYECTOS/funydrive/public/index.php(60): Illuminate\\Foundation\\Http\\Kernel->terminate(Object(Illuminate\\Http\\Request), Object(Illuminate\\Http\\Response))
#8 /Users/wiltinoco/.composer/vendor/laravel/valet/server.php(147): require('/Users/wiltinoc...')
#9 {main}
"} 
[2018-09-11 01:15:24] local.ERROR: Please provide a valid cache path. {"exception":"[object] (InvalidArgumentException(code: 0): Please provide a valid cache path. at /Users/wiltinoco/Documents/PROYECTOS/funydrive/vendor/laravel/framework/src/Illuminate/View/Compilers/Compiler.php:36)
[stacktrace]
#0 /Users/wiltinoco/Documents/PROYECTOS/funydrive/vendor/laravel/framework/src/Illuminate/View/ViewServiceProvider.php(141): Illuminate\\View\\Compilers\\Compiler->__construct(Object(Illuminate\\Filesystem\\Filesystem), false)
#1 /Users/wiltinoco/Documents/PROYECTOS/funydrive/vendor/laravel/framework/src/Illuminate/Container/Container.php(764): Illuminate\\View\\ViewServiceProvider->Illuminate\\View\\{closure}(Object(Illuminate\\Foundation\\Application), Array)
#2 /Users/wiltinoco/Documents/PROYECTOS/funydrive/vendor/laravel/framework/src/Illuminate/Container/Container.php(646): Illuminate\\Container\\Container->build(Object(Closure))
#3 /Users/wiltinoco/Documents/PROYECTOS/funydrive/vendor/laravel/framework/src/Illuminate/Container/Container.php(601): Illuminate\\Container\\Container->resolve('blade.compiler', Array)
#4 /Users/wiltinoco/Documents/PROYECTOS/funydrive/vendor/laravel/framework/src/Illuminate/Foundation/Application.php(734): Illuminate\\Container\\Container->make('blade.compiler', Array)
#5 /Users/wiltinoco/Documents/PROYECTOS/funydrive/vendor/laravel/framework/src/Illuminate/Container/Container.php(1210): Illuminate\\Foundation\\Application->make('blade.compiler')
#6 /Users/wiltinoco/Documents/PROYECTOS/funydrive/vendor/laravel/framework/src/Illuminate/View/ViewServiceProvider.php(146): Illuminate\\Container\\Container->offsetGet('blade.compiler')
#7 [internal function]: Illuminate\\View\\ViewServiceProvider->Illuminate\\View\\{closure}()
#8 /Users/wiltinoco/Documents/PROYECTOS/funydrive/vendor/laravel/framework/src/Illuminate/View/Engines/EngineResolver.php(54): call_user_func(Object(Closure))
#9 /Users/wiltinoco/Documents/PROYECTOS/funydrive/vendor/laravel/framework/src/Illuminate/View/Factory.php(286): Illuminate\\View\\Engines\\EngineResolver->resolve('blade')
#10 /Users/wiltinoco/Documents/PROYECTOS/funydrive/vendor/laravel/framework/src/Illuminate/View/Factory.php(250): Illuminate\\View\\Factory->getEngineFromPath('/Users/wiltinoc...')
#11 /Users/wiltinoco/Documents/PROYECTOS/funydrive/vendor/laravel/framework/src/Illuminate/View/Factory.php(136): Illuminate\\View\\Factory->viewInstance('home', '/Users/wiltinoc...', Array)
#12 /Users/wiltinoco/Documents/PROYECTOS/funydrive/vendor/laravel/framework/src/Illuminate/Foundation/helpers.php(1001): Illuminate\\View\\Factory->make('home', Array, Array)
#13 /Users/wiltinoco/Documents/PROYECTOS/funydrive/app/Http/Controllers/HomeController.php(45): view('home', Array)
#14 [internal function]: App\\Http\\Controllers\\HomeController->index()
#15 /Users/wiltinoco/Documents/PROYECTOS/funydrive/vendor/laravel/framework/src/Illuminate/Routing/Controller.php(54): call_user_func_array(Array, Array)
#16 /Users/wiltinoco/Documents/PROYECTOS/funydrive/vendor/laravel/framework/src/Illuminate/Routing/ControllerDispatcher.php(45): Illuminate\\Routing\\Controller->callAction('index', Array)
#17 /Users/wiltinoco/Documents/PROYECTOS/funydrive/vendor/laravel/framework/src/Illuminate/Routing/Route.php(212): Illuminate\\Routing\\ControllerDispatcher->dispatch(Object(Illuminate\\Routing\\Route), Object(App\\Http\\Controllers\\HomeController), 'index')
#18 /Users/wiltinoco/Documents/PROYECTOS/funydrive/vendor/laravel/framework/src/Illuminate/Routing/Route.php(169): Illuminate\\Routing\\Route->runController()
#19 /Users/wiltinoco/Documents/PROYECTOS/funydrive/vendor/laravel/framework/src/Illuminate/Routing/Router.php(665): Illuminate\\Routing\\Route->run()
#20 /Users/wiltinoco/Documents/PROYECTOS/funydrive/vendor/laravel/framework/src/Illuminate/Routing/Pipeline.php(30): Illuminate\\Routing\\Router->Illuminate\\Routing\\{closure}(Object(Illuminate\\Http\\Request))
#21 /Users/wiltinoco/Documents/PROYECTOS/funydrive/vendor/laravel/framework/src/Illuminate/Routing/Middleware/SubstituteBindings.php(41): Illuminate\\Routing\\Pipeline->Illuminate\\Routing\\{closure}(Object(Illuminate\\Http\\Request))
#22 /Users/wiltinoco/Documents/PROYECTOS/funydrive/vendor/laravel/framework/src/Illuminate/Pipeline/Pipeline.php(151): Illuminate\\Routing\\Middleware\\SubstituteBindings->handle(Object(Illuminate\\Http\\Request), Object(Closure))
#23 /Users/wiltinoco/Documents/PROYECTOS/funydrive/vendor/laravel/framework/src/Illuminate/Routing/Pipeline.php(53): Illuminate\\Pipeline\\Pipeline->Illuminate\\Pipeline\\{closure}(Object(Illuminate\\Http\\Request))
#24 /Users/wiltinoco/Documents/PROYECTOS/funydrive/vendor/laravel/framework/src/Illuminate/Foundation/Http/Middleware/VerifyCsrfToken.php(68): Illuminate\\Routing\\Pipeline->Illuminate\\Routing\\{closure}(Object(Illuminate\\Http\\Request))
#25 /Users/wiltinoco/Documents/PROYECTOS/funydrive/vendor/laravel/framework/src/Illuminate/Pipeline/Pipeline.php(151): Illuminate\\Foundation\\Http\\Middleware\\VerifyCsrfToken->handle(Object(Illuminate\\Http\\Request), Object(Closure))
#26 /Users/wiltinoco/Documents/PROYECTOS/funydrive/vendor/laravel/framework/src/Illuminate/Routing/Pipeline.php(53): Illuminate\\Pipeline\\Pipeline->Illuminate\\Pipeline\\{closure}(Object(Illuminate\\Http\\Request))
#27 /Users/wiltinoco/Documents/PROYECTOS/funydrive/vendor/laravel/framework/src/Illuminate/View/Middleware/ShareErrorsFromSession.php(49): Illuminate\\Routing\\Pipeline->Illuminate\\Routing\\{closure}(Object(Illuminate\\Http\\Request))
#28 /Users/wiltinoco/Documents/PROYECTOS/funydrive/vendor/laravel/framework/src/Illuminate/Pipeline/Pipeline.php(151): Illuminate\\View\\Middleware\\ShareErrorsFromSession->handle(Object(Illuminate\\Http\\Request), Object(Closure))
#29 /Users/wiltinoco/Documents/PROYECTOS/funydrive/vendor/laravel/framework/src/Illuminate/Routing/Pipeline.php(53): Illuminate\\Pipeline\\Pipeline->Illuminate\\Pipeline\\{closure}(Object(Illuminate\\Http\\Request))
#30 /Users/wiltinoco/Documents/PROYECTOS/funydrive/vendor/laravel/framework/src/Illuminate/Session/Middleware/StartSession.php(63): Illuminate\\Routing\\Pipeline->Illuminate\\Routing\\{closure}(Object(Illuminate\\Http\\Request))
#31 /Users/wiltinoco/Documents/PROYECTOS/funydrive/vendor/laravel/framework/src/Illuminate/Pipeline/Pipeline.php(151): Illuminate\\Session\\Middleware\\StartSession->handle(Object(Illuminate\\Http\\Request), Object(Closure))
#32 /Users/wiltinoco/Documents/PROYECTOS/funydrive/vendor/laravel/framework/src/Illuminate/Routing/Pipeline.php(53): Illuminate\\Pipeline\\Pipeline->Illuminate\\Pipeline\\{closure}(Object(Illuminate\\Http\\Request))
#33 /Users/wiltinoco/Documents/PROYECTOS/funydrive/vendor/laravel/framework/src/Illuminate/Cookie/Middleware/AddQueuedCookiesToResponse.php(37): Illuminate\\Routing\\Pipeline->Illuminate\\Routing\\{closure}(Object(Illuminate\\Http\\Request))
#34 /Users/wiltinoco/Documents/PROYECTOS/funydrive/vendor/laravel/framework/src/Illuminate/Pipeline/Pipeline.php(151): Illuminate\\Cookie\\Middleware\\AddQueuedCookiesToResponse->handle(Object(Illuminate\\Http\\Request), Object(Closure))
#35 /Users/wiltinoco/Documents/PROYECTOS/funydrive/vendor/laravel/framework/src/Illuminate/Routing/Pipeline.php(53): Illuminate\\Pipeline\\Pipeline->Illuminate\\Pipeline\\{closure}(Object(Illuminate\\Http\\Request))
#36 /Users/wiltinoco/Documents/PROYECTOS/funydrive/vendor/laravel/framework/src/Illuminate/Cookie/Middleware/EncryptCookies.php(66): Illuminate\\Routing\\Pipeline->Illuminate\\Routing\\{closure}(Object(Illuminate\\Http\\Request))
#37 /Users/wiltinoco/Documents/PROYECTOS/funydrive/vendor/laravel/framework/src/Illuminate/Pipeline/Pipeline.php(151): Illuminate\\Cookie\\Middleware\\EncryptCookies->handle(Object(Illuminate\\Http\\Request), Object(Closure))
#38 /Users/wiltinoco/Documents/PROYECTOS/funydrive/vendor/laravel/framework/src/Illuminate/Routing/Pipeline.php(53): Illuminate\\Pipeline\\Pipeline->Illuminate\\Pipeline\\{closure}(Object(Illuminate\\Http\\Request))
#39 /Users/wiltinoco/Documents/PROYECTOS/funydrive/vendor/laravel/framework/src/Illuminate/Pipeline/Pipeline.php(104): Illuminate\\Routing\\Pipeline->Illuminate\\Routing\\{closure}(Object(Illuminate\\Http\\Request))
#40 /Users/wiltinoco/Documents/PROYECTOS/funydrive/vendor/laravel/framework/src/Illuminate/Routing/Router.php(667): Illuminate\\Pipeline\\Pipeline->then(Object(Closure))
#41 /Users/wiltinoco/Documents/PROYECTOS/funydrive/vendor/laravel/framework/src/Illuminate/Routing/Router.php(642): Illuminate\\Routing\\Router->runRouteWithinStack(Object(Illuminate\\Routing\\Route), Object(Illuminate\\Http\\Request))
#42 /Users/wiltinoco/Documents/PROYECTOS/funydrive/vendor/laravel/framework/src/Illuminate/Routing/Router.php(608): Illuminate\\Routing\\Router->runRoute(Object(Illuminate\\Http\\Request), Object(Illuminate\\Routing\\Route))
#43 /Users/wiltinoco/Documents/PROYECTOS/funydrive/vendor/laravel/framework/src/Illuminate/Routing/Router.php(597): Illuminate\\Routing\\Router->dispatchToRoute(Object(Illuminate\\Http\\Request))
#44 /Users/wiltinoco/Documents/PROYECTOS/funydrive/vendor/laravel/framework/src/Illuminate/Foundation/Http/Kernel.php(176): Illuminate\\Routing\\Router->dispatch(Object(Illuminate\\Http\\Request))
#45 /Users/wiltinoco/Documents/PROYECTOS/funydrive/vendor/laravel/framework/src/Illuminate/Routing/Pipeline.php(30): Illuminate\\Foundation\\Http\\Kernel->Illuminate\\Foundation\\Http\\{closure}(Object(Illuminate\\Http\\Request))
#46 /Users/wiltinoco/Documents/PROYECTOS/funydrive/vendor/fideloper/proxy/src/TrustProxies.php(57): Illuminate\\Routing\\Pipeline->Illuminate\\Routing\\{closure}(Object(Illuminate\\Http\\Request))
#47 /Users/wiltinoco/Documents/PROYECTOS/funydrive/vendor/laravel/framework/src/Illuminate/Pipeline/Pipeline.php(151): Fideloper\\Proxy\\TrustProxies->handle(Object(Illuminate\\Http\\Request), Object(Closure))
#48 /Users/wiltinoco/Documents/PROYECTOS/funydrive/vendor/laravel/framework/src/Illuminate/Routing/Pipeline.php(53): Illuminate\\Pipeline\\Pipeline->Illuminate\\Pipeline\\{closure}(Object(Illuminate\\Http\\Request))
#49 /Users/wiltinoco/Documents/PROYECTOS/funydrive/vendor/laravel/framework/src/Illuminate/Foundation/Http/Middleware/TransformsRequest.php(31): Illuminate\\Routing\\Pipeline->Illuminate\\Routing\\{closure}(Object(Illuminate\\Http\\Request))
#50 /Users/wiltinoco/Documents/PROYECTOS/funydrive/vendor/laravel/framework/src/Illuminate/Pipeline/Pipeline.php(151): Illuminate\\Foundation\\Http\\Middleware\\TransformsRequest->handle(Object(Illuminate\\Http\\Request), Object(Closure))
#51 /Users/wiltinoco/Documents/PROYECTOS/funydrive/vendor/laravel/framework/src/Illuminate/Routing/Pipeline.php(53): Illuminate\\Pipeline\\Pipeline->Illuminate\\Pipeline\\{closure}(Object(Illuminate\\Http\\Request))
#52 /Users/wiltinoco/Documents/PROYECTOS/funydrive/vendor/laravel/framework/src/Illuminate/Foundation/Http/Middleware/TransformsRequest.php(31): Illuminate\\Routing\\Pipeline->Illuminate\\Routing\\{closure}(Object(Illuminate\\Http\\Request))
#53 /Users/wiltinoco/Documents/PROYECTOS/funydrive/vendor/laravel/framework/src/Illuminate/Pipeline/Pipeline.php(151): Illuminate\\Foundation\\Http\\Middleware\\TransformsRequest->handle(Object(Illuminate\\Http\\Request), Object(Closure))
#54 /Users/wiltinoco/Documents/PROYECTOS/funydrive/vendor/laravel/framework/src/Illuminate/Routing/Pipeline.php(53): Illuminate\\Pipeline\\Pipeline->Illuminate\\Pipeline\\{closure}(Object(Illuminate\\Http\\Request))
#55 /Users/wiltinoco/Documents/PROYECTOS/funydrive/vendor/laravel/framework/src/Illuminate/Foundation/Http/Middleware/ValidatePostSize.php(27): Illuminate\\Routing\\Pipeline->Illuminate\\Routing\\{closure}(Object(Illuminate\\Http\\Request))
#56 /Users/wiltinoco/Documents/PROYECTOS/funydrive/vendor/laravel/framework/src/Illuminate/Pipeline/Pipeline.php(151): Illuminate\\Foundation\\Http\\Middleware\\ValidatePostSize->handle(Object(Illuminate\\Http\\Request), Object(Closure))
#57 /Users/wiltinoco/Documents/PROYECTOS/funydrive/vendor/laravel/framework/src/Illuminate/Routing/Pipeline.php(53): Illuminate\\Pipeline\\Pipeline->Illuminate\\Pipeline\\{closure}(Object(Illuminate\\Http\\Request))
#58 /Users/wiltinoco/Documents/PROYECTOS/funydrive/vendor/laravel/framework/src/Illuminate/Foundation/Http/Middleware/CheckForMaintenanceMode.php(62): Illuminate\\Routing\\Pipeline->Illuminate\\Routing\\{closure}(Object(Illuminate\\Http\\Request))
#59 /Users/wiltinoco/Documents/PROYECTOS/funydrive/vendor/laravel/framework/src/Illuminate/Pipeline/Pipeline.php(151): Illuminate\\Foundation\\Http\\Middleware\\CheckForMaintenanceMode->handle(Object(Illuminate\\Http\\Request), Object(Closure))
#60 /Users/wiltinoco/Documents/PROYECTOS/funydrive/vendor/laravel/framework/src/Illuminate/Routing/Pipeline.php(53): Illuminate\\Pipeline\\Pipeline->Illuminate\\Pipeline\\{closure}(Object(Illuminate\\Http\\Request))
#61 /Users/wiltinoco/Documents/PROYECTOS/funydrive/vendor/laravel/framework/src/Illuminate/Pipeline/Pipeline.php(104): Illuminate\\Routing\\Pipeline->Illuminate\\Routing\\{closure}(Object(Illuminate\\Http\\Request))
#62 /Users/wiltinoco/Documents/PROYECTOS/funydrive/vendor/laravel/framework/src/Illuminate/Foundation/Http/Kernel.php(151): Illuminate\\Pipeline\\Pipeline->then(Object(Closure))
#63 /Users/wiltinoco/Documents/PROYECTOS/funydrive/vendor/laravel/framework/src/Illuminate/Foundation/Http/Kernel.php(116): Illuminate\\Foundation\\Http\\Kernel->sendRequestThroughRouter(Object(Illuminate\\Http\\Request))
#64 /Users/wiltinoco/Documents/PROYECTOS/funydrive/public/index.php(55): Illuminate\\Foundation\\Http\\Kernel->handle(Object(Illuminate\\Http\\Request))
#65 /Users/wiltinoco/.composer/vendor/laravel/valet/server.php(147): require('/Users/wiltinoc...')
#66 {main}
"} 
[2018-09-11 01:15:24] local.ERROR: file_put_contents(/Users/wiltinoco/Documents/PROYECTOS/funydrive/storage/framework/sessions/tdPxz3JlxE4MAEREHY8D8a3iNzVw3UdoYCZwpmCU): failed to open stream: No such file or directory {"exception":"[object] (ErrorException(code: 0): file_put_contents(/Users/wiltinoco/Documents/PROYECTOS/funydrive/storage/framework/sessions/tdPxz3JlxE4MAEREHY8D8a3iNzVw3UdoYCZwpmCU): failed to open stream: No such file or directory at /Users/wiltinoco/Documents/PROYECTOS/funydrive/vendor/laravel/framework/src/Illuminate/Filesystem/Filesystem.php:122)
[stacktrace]
#0 [internal function]: Illuminate\\Foundation\\Bootstrap\\HandleExceptions->handleError(2, 'file_put_conten...', '/Users/wiltinoc...', 122, Array)
#1 /Users/wiltinoco/Documents/PROYECTOS/funydrive/vendor/laravel/framework/src/Illuminate/Filesystem/Filesystem.php(122): file_put_contents('/Users/wiltinoc...', 'a:3:{s:6:\"_toke...', 2)
#2 /Users/wiltinoco/Documents/PROYECTOS/funydrive/vendor/laravel/framework/src/Illuminate/Session/FileSessionHandler.php(83): Illuminate\\Filesystem\\Filesystem->put('/Users/wiltinoc...', 'a:3:{s:6:\"_toke...', true)
#3 /Users/wiltinoco/Documents/PROYECTOS/funydrive/vendor/laravel/framework/src/Illuminate/Session/Store.php(129): Illuminate\\Session\\FileSessionHandler->write('tdPxz3JlxE4MAER...', 'a:3:{s:6:\"_toke...')
#4 /Users/wiltinoco/Documents/PROYECTOS/funydrive/vendor/laravel/framework/src/Illuminate/Session/Middleware/StartSession.php(87): Illuminate\\Session\\Store->save()
#5 /Users/wiltinoco/Documents/PROYECTOS/funydrive/vendor/laravel/framework/src/Illuminate/Foundation/Http/Kernel.php(218): Illuminate\\Session\\Middleware\\StartSession->terminate(Object(Illuminate\\Http\\Request), Object(Illuminate\\Http\\Response))
#6 /Users/wiltinoco/Documents/PROYECTOS/funydrive/vendor/laravel/framework/src/Illuminate/Foundation/Http/Kernel.php(189): Illuminate\\Foundation\\Http\\Kernel->terminateMiddleware(Object(Illuminate\\Http\\Request), Object(Illuminate\\Http\\Response))
#7 /Users/wiltinoco/Documents/PROYECTOS/funydrive/public/index.php(60): Illuminate\\Foundation\\Http\\Kernel->terminate(Object(Illuminate\\Http\\Request), Object(Illuminate\\Http\\Response))
#8 /Users/wiltinoco/.composer/vendor/laravel/valet/server.php(147): require('/Users/wiltinoc...')
#9 {main}
"} 
[2018-09-11 01:19:43] local.ERROR: Please provide a valid cache path. {"exception":"[object] (InvalidArgumentException(code: 0): Please provide a valid cache path. at /Users/wiltinoco/Documents/PROYECTOS/funydrive/vendor/laravel/framework/src/Illuminate/View/Compilers/Compiler.php:36)
[stacktrace]
#0 /Users/wiltinoco/Documents/PROYECTOS/funydrive/vendor/laravel/framework/src/Illuminate/View/ViewServiceProvider.php(141): Illuminate\\View\\Compilers\\Compiler->__construct(Object(Illuminate\\Filesystem\\Filesystem), false)
#1 /Users/wiltinoco/Documents/PROYECTOS/funydrive/vendor/laravel/framework/src/Illuminate/Container/Container.php(764): Illuminate\\View\\ViewServiceProvider->Illuminate\\View\\{closure}(Object(Illuminate\\Foundation\\Application), Array)
#2 /Users/wiltinoco/Documents/PROYECTOS/funydrive/vendor/laravel/framework/src/Illuminate/Container/Container.php(646): Illuminate\\Container\\Container->build(Object(Closure))
#3 /Users/wiltinoco/Documents/PROYECTOS/funydrive/vendor/laravel/framework/src/Illuminate/Container/Container.php(601): Illuminate\\Container\\Container->resolve('blade.compiler', Array)
#4 /Users/wiltinoco/Documents/PROYECTOS/funydrive/vendor/laravel/framework/src/Illuminate/Foundation/Application.php(734): Illuminate\\Container\\Container->make('blade.compiler', Array)
#5 /Users/wiltinoco/Documents/PROYECTOS/funydrive/vendor/laravel/framework/src/Illuminate/Container/Container.php(1210): Illuminate\\Foundation\\Application->make('blade.compiler')
#6 /Users/wiltinoco/Documents/PROYECTOS/funydrive/vendor/laravel/framework/src/Illuminate/View/ViewServiceProvider.php(146): Illuminate\\Container\\Container->offsetGet('blade.compiler')
#7 [internal function]: Illuminate\\View\\ViewServiceProvider->Illuminate\\View\\{closure}()
#8 /Users/wiltinoco/Documents/PROYECTOS/funydrive/vendor/laravel/framework/src/Illuminate/View/Engines/EngineResolver.php(54): call_user_func(Object(Closure))
#9 /Users/wiltinoco/Documents/PROYECTOS/funydrive/vendor/laravel/framework/src/Illuminate/View/Factory.php(286): Illuminate\\View\\Engines\\EngineResolver->resolve('blade')
#10 /Users/wiltinoco/Documents/PROYECTOS/funydrive/vendor/laravel/framework/src/Illuminate/View/Factory.php(250): Illuminate\\View\\Factory->getEngineFromPath('/Users/wiltinoc...')
#11 /Users/wiltinoco/Documents/PROYECTOS/funydrive/vendor/laravel/framework/src/Illuminate/View/Factory.php(136): Illuminate\\View\\Factory->viewInstance('home', '/Users/wiltinoc...', Array)
#12 /Users/wiltinoco/Documents/PROYECTOS/funydrive/vendor/laravel/framework/src/Illuminate/Foundation/helpers.php(1001): Illuminate\\View\\Factory->make('home', Array, Array)
#13 /Users/wiltinoco/Documents/PROYECTOS/funydrive/app/Http/Controllers/HomeController.php(45): view('home', Array)
#14 [internal function]: App\\Http\\Controllers\\HomeController->index()
#15 /Users/wiltinoco/Documents/PROYECTOS/funydrive/vendor/laravel/framework/src/Illuminate/Routing/Controller.php(54): call_user_func_array(Array, Array)
#16 /Users/wiltinoco/Documents/PROYECTOS/funydrive/vendor/laravel/framework/src/Illuminate/Routing/ControllerDispatcher.php(45): Illuminate\\Routing\\Controller->callAction('index', Array)
#17 /Users/wiltinoco/Documents/PROYECTOS/funydrive/vendor/laravel/framework/src/Illuminate/Routing/Route.php(212): Illuminate\\Routing\\ControllerDispatcher->dispatch(Object(Illuminate\\Routing\\Route), Object(App\\Http\\Controllers\\HomeController), 'index')
#18 /Users/wiltinoco/Documents/PROYECTOS/funydrive/vendor/laravel/framework/src/Illuminate/Routing/Route.php(169): Illuminate\\Routing\\Route->runController()
#19 /Users/wiltinoco/Documents/PROYECTOS/funydrive/vendor/laravel/framework/src/Illuminate/Routing/Router.php(665): Illuminate\\Routing\\Route->run()
#20 /Users/wiltinoco/Documents/PROYECTOS/funydrive/vendor/laravel/framework/src/Illuminate/Routing/Pipeline.php(30): Illuminate\\Routing\\Router->Illuminate\\Routing\\{closure}(Object(Illuminate\\Http\\Request))
#21 /Users/wiltinoco/Documents/PROYECTOS/funydrive/vendor/laravel/framework/src/Illuminate/Routing/Middleware/SubstituteBindings.php(41): Illuminate\\Routing\\Pipeline->Illuminate\\Routing\\{closure}(Object(Illuminate\\Http\\Request))
#22 /Users/wiltinoco/Documents/PROYECTOS/funydrive/vendor/laravel/framework/src/Illuminate/Pipeline/Pipeline.php(151): Illuminate\\Routing\\Middleware\\SubstituteBindings->handle(Object(Illuminate\\Http\\Request), Object(Closure))
#23 /Users/wiltinoco/Documents/PROYECTOS/funydrive/vendor/laravel/framework/src/Illuminate/Routing/Pipeline.php(53): Illuminate\\Pipeline\\Pipeline->Illuminate\\Pipeline\\{closure}(Object(Illuminate\\Http\\Request))
#24 /Users/wiltinoco/Documents/PROYECTOS/funydrive/vendor/laravel/framework/src/Illuminate/Foundation/Http/Middleware/VerifyCsrfToken.php(68): Illuminate\\Routing\\Pipeline->Illuminate\\Routing\\{closure}(Object(Illuminate\\Http\\Request))
#25 /Users/wiltinoco/Documents/PROYECTOS/funydrive/vendor/laravel/framework/src/Illuminate/Pipeline/Pipeline.php(151): Illuminate\\Foundation\\Http\\Middleware\\VerifyCsrfToken->handle(Object(Illuminate\\Http\\Request), Object(Closure))
#26 /Users/wiltinoco/Documents/PROYECTOS/funydrive/vendor/laravel/framework/src/Illuminate/Routing/Pipeline.php(53): Illuminate\\Pipeline\\Pipeline->Illuminate\\Pipeline\\{closure}(Object(Illuminate\\Http\\Request))
#27 /Users/wiltinoco/Documents/PROYECTOS/funydrive/vendor/laravel/framework/src/Illuminate/View/Middleware/ShareErrorsFromSession.php(49): Illuminate\\Routing\\Pipeline->Illuminate\\Routing\\{closure}(Object(Illuminate\\Http\\Request))
#28 /Users/wiltinoco/Documents/PROYECTOS/funydrive/vendor/laravel/framework/src/Illuminate/Pipeline/Pipeline.php(151): Illuminate\\View\\Middleware\\ShareErrorsFromSession->handle(Object(Illuminate\\Http\\Request), Object(Closure))
#29 /Users/wiltinoco/Documents/PROYECTOS/funydrive/vendor/laravel/framework/src/Illuminate/Routing/Pipeline.php(53): Illuminate\\Pipeline\\Pipeline->Illuminate\\Pipeline\\{closure}(Object(Illuminate\\Http\\Request))
#30 /Users/wiltinoco/Documents/PROYECTOS/funydrive/vendor/laravel/framework/src/Illuminate/Session/Middleware/StartSession.php(63): Illuminate\\Routing\\Pipeline->Illuminate\\Routing\\{closure}(Object(Illuminate\\Http\\Request))
#31 /Users/wiltinoco/Documents/PROYECTOS/funydrive/vendor/laravel/framework/src/Illuminate/Pipeline/Pipeline.php(151): Illuminate\\Session\\Middleware\\StartSession->handle(Object(Illuminate\\Http\\Request), Object(Closure))
#32 /Users/wiltinoco/Documents/PROYECTOS/funydrive/vendor/laravel/framework/src/Illuminate/Routing/Pipeline.php(53): Illuminate\\Pipeline\\Pipeline->Illuminate\\Pipeline\\{closure}(Object(Illuminate\\Http\\Request))
#33 /Users/wiltinoco/Documents/PROYECTOS/funydrive/vendor/laravel/framework/src/Illuminate/Cookie/Middleware/AddQueuedCookiesToResponse.php(37): Illuminate\\Routing\\Pipeline->Illuminate\\Routing\\{closure}(Object(Illuminate\\Http\\Request))
#34 /Users/wiltinoco/Documents/PROYECTOS/funydrive/vendor/laravel/framework/src/Illuminate/Pipeline/Pipeline.php(151): Illuminate\\Cookie\\Middleware\\AddQueuedCookiesToResponse->handle(Object(Illuminate\\Http\\Request), Object(Closure))
#35 /Users/wiltinoco/Documents/PROYECTOS/funydrive/vendor/laravel/framework/src/Illuminate/Routing/Pipeline.php(53): Illuminate\\Pipeline\\Pipeline->Illuminate\\Pipeline\\{closure}(Object(Illuminate\\Http\\Request))
#36 /Users/wiltinoco/Documents/PROYECTOS/funydrive/vendor/laravel/framework/src/Illuminate/Cookie/Middleware/EncryptCookies.php(66): Illuminate\\Routing\\Pipeline->Illuminate\\Routing\\{closure}(Object(Illuminate\\Http\\Request))
#37 /Users/wiltinoco/Documents/PROYECTOS/funydrive/vendor/laravel/framework/src/Illuminate/Pipeline/Pipeline.php(151): Illuminate\\Cookie\\Middleware\\EncryptCookies->handle(Object(Illuminate\\Http\\Request), Object(Closure))
#38 /Users/wiltinoco/Documents/PROYECTOS/funydrive/vendor/laravel/framework/src/Illuminate/Routing/Pipeline.php(53): Illuminate\\Pipeline\\Pipeline->Illuminate\\Pipeline\\{closure}(Object(Illuminate\\Http\\Request))
#39 /Users/wiltinoco/Documents/PROYECTOS/funydrive/vendor/laravel/framework/src/Illuminate/Pipeline/Pipeline.php(104): Illuminate\\Routing\\Pipeline->Illuminate\\Routing\\{closure}(Object(Illuminate\\Http\\Request))
#40 /Users/wiltinoco/Documents/PROYECTOS/funydrive/vendor/laravel/framework/src/Illuminate/Routing/Router.php(667): Illuminate\\Pipeline\\Pipeline->then(Object(Closure))
#41 /Users/wiltinoco/Documents/PROYECTOS/funydrive/vendor/laravel/framework/src/Illuminate/Routing/Router.php(642): Illuminate\\Routing\\Router->runRouteWithinStack(Object(Illuminate\\Routing\\Route), Object(Illuminate\\Http\\Request))
#42 /Users/wiltinoco/Documents/PROYECTOS/funydrive/vendor/laravel/framework/src/Illuminate/Routing/Router.php(608): Illuminate\\Routing\\Router->runRoute(Object(Illuminate\\Http\\Request), Object(Illuminate\\Routing\\Route))
#43 /Users/wiltinoco/Documents/PROYECTOS/funydrive/vendor/laravel/framework/src/Illuminate/Routing/Router.php(597): Illuminate\\Routing\\Router->dispatchToRoute(Object(Illuminate\\Http\\Request))
#44 /Users/wiltinoco/Documents/PROYECTOS/funydrive/vendor/laravel/framework/src/Illuminate/Foundation/Http/Kernel.php(176): Illuminate\\Routing\\Router->dispatch(Object(Illuminate\\Http\\Request))
#45 /Users/wiltinoco/Documents/PROYECTOS/funydrive/vendor/laravel/framework/src/Illuminate/Routing/Pipeline.php(30): Illuminate\\Foundation\\Http\\Kernel->Illuminate\\Foundation\\Http\\{closure}(Object(Illuminate\\Http\\Request))
#46 /Users/wiltinoco/Documents/PROYECTOS/funydrive/vendor/fideloper/proxy/src/TrustProxies.php(57): Illuminate\\Routing\\Pipeline->Illuminate\\Routing\\{closure}(Object(Illuminate\\Http\\Request))
#47 /Users/wiltinoco/Documents/PROYECTOS/funydrive/vendor/laravel/framework/src/Illuminate/Pipeline/Pipeline.php(151): Fideloper\\Proxy\\TrustProxies->handle(Object(Illuminate\\Http\\Request), Object(Closure))
#48 /Users/wiltinoco/Documents/PROYECTOS/funydrive/vendor/laravel/framework/src/Illuminate/Routing/Pipeline.php(53): Illuminate\\Pipeline\\Pipeline->Illuminate\\Pipeline\\{closure}(Object(Illuminate\\Http\\Request))
#49 /Users/wiltinoco/Documents/PROYECTOS/funydrive/vendor/laravel/framework/src/Illuminate/Foundation/Http/Middleware/TransformsRequest.php(31): Illuminate\\Routing\\Pipeline->Illuminate\\Routing\\{closure}(Object(Illuminate\\Http\\Request))
#50 /Users/wiltinoco/Documents/PROYECTOS/funydrive/vendor/laravel/framework/src/Illuminate/Pipeline/Pipeline.php(151): Illuminate\\Foundation\\Http\\Middleware\\TransformsRequest->handle(Object(Illuminate\\Http\\Request), Object(Closure))
#51 /Users/wiltinoco/Documents/PROYECTOS/funydrive/vendor/laravel/framework/src/Illuminate/Routing/Pipeline.php(53): Illuminate\\Pipeline\\Pipeline->Illuminate\\Pipeline\\{closure}(Object(Illuminate\\Http\\Request))
#52 /Users/wiltinoco/Documents/PROYECTOS/funydrive/vendor/laravel/framework/src/Illuminate/Foundation/Http/Middleware/TransformsRequest.php(31): Illuminate\\Routing\\Pipeline->Illuminate\\Routing\\{closure}(Object(Illuminate\\Http\\Request))
#53 /Users/wiltinoco/Documents/PROYECTOS/funydrive/vendor/laravel/framework/src/Illuminate/Pipeline/Pipeline.php(151): Illuminate\\Foundation\\Http\\Middleware\\TransformsRequest->handle(Object(Illuminate\\Http\\Request), Object(Closure))
#54 /Users/wiltinoco/Documents/PROYECTOS/funydrive/vendor/laravel/framework/src/Illuminate/Routing/Pipeline.php(53): Illuminate\\Pipeline\\Pipeline->Illuminate\\Pipeline\\{closure}(Object(Illuminate\\Http\\Request))
#55 /Users/wiltinoco/Documents/PROYECTOS/funydrive/vendor/laravel/framework/src/Illuminate/Foundation/Http/Middleware/ValidatePostSize.php(27): Illuminate\\Routing\\Pipeline->Illuminate\\Routing\\{closure}(Object(Illuminate\\Http\\Request))
#56 /Users/wiltinoco/Documents/PROYECTOS/funydrive/vendor/laravel/framework/src/Illuminate/Pipeline/Pipeline.php(151): Illuminate\\Foundation\\Http\\Middleware\\ValidatePostSize->handle(Object(Illuminate\\Http\\Request), Object(Closure))
#57 /Users/wiltinoco/Documents/PROYECTOS/funydrive/vendor/laravel/framework/src/Illuminate/Routing/Pipeline.php(53): Illuminate\\Pipeline\\Pipeline->Illuminate\\Pipeline\\{closure}(Object(Illuminate\\Http\\Request))
#58 /Users/wiltinoco/Documents/PROYECTOS/funydrive/vendor/laravel/framework/src/Illuminate/Foundation/Http/Middleware/CheckForMaintenanceMode.php(62): Illuminate\\Routing\\Pipeline->Illuminate\\Routing\\{closure}(Object(Illuminate\\Http\\Request))
#59 /Users/wiltinoco/Documents/PROYECTOS/funydrive/vendor/laravel/framework/src/Illuminate/Pipeline/Pipeline.php(151): Illuminate\\Foundation\\Http\\Middleware\\CheckForMaintenanceMode->handle(Object(Illuminate\\Http\\Request), Object(Closure))
#60 /Users/wiltinoco/Documents/PROYECTOS/funydrive/vendor/laravel/framework/src/Illuminate/Routing/Pipeline.php(53): Illuminate\\Pipeline\\Pipeline->Illuminate\\Pipeline\\{closure}(Object(Illuminate\\Http\\Request))
#61 /Users/wiltinoco/Documents/PROYECTOS/funydrive/vendor/laravel/framework/src/Illuminate/Pipeline/Pipeline.php(104): Illuminate\\Routing\\Pipeline->Illuminate\\Routing\\{closure}(Object(Illuminate\\Http\\Request))
#62 /Users/wiltinoco/Documents/PROYECTOS/funydrive/vendor/laravel/framework/src/Illuminate/Foundation/Http/Kernel.php(151): Illuminate\\Pipeline\\Pipeline->then(Object(Closure))
#63 /Users/wiltinoco/Documents/PROYECTOS/funydrive/vendor/laravel/framework/src/Illuminate/Foundation/Http/Kernel.php(116): Illuminate\\Foundation\\Http\\Kernel->sendRequestThroughRouter(Object(Illuminate\\Http\\Request))
#64 /Users/wiltinoco/Documents/PROYECTOS/funydrive/public/index.php(55): Illuminate\\Foundation\\Http\\Kernel->handle(Object(Illuminate\\Http\\Request))
#65 /Users/wiltinoco/.composer/vendor/laravel/valet/server.php(147): require('/Users/wiltinoc...')
#66 {main}
"} 
[2018-09-11 01:19:43] local.ERROR: file_put_contents(/Users/wiltinoco/Documents/PROYECTOS/funydrive/storage/framework/sessions/tdPxz3JlxE4MAEREHY8D8a3iNzVw3UdoYCZwpmCU): failed to open stream: No such file or directory {"exception":"[object] (ErrorException(code: 0): file_put_contents(/Users/wiltinoco/Documents/PROYECTOS/funydrive/storage/framework/sessions/tdPxz3JlxE4MAEREHY8D8a3iNzVw3UdoYCZwpmCU): failed to open stream: No such file or directory at /Users/wiltinoco/Documents/PROYECTOS/funydrive/vendor/laravel/framework/src/Illuminate/Filesystem/Filesystem.php:122)
[stacktrace]
#0 [internal function]: Illuminate\\Foundation\\Bootstrap\\HandleExceptions->handleError(2, 'file_put_conten...', '/Users/wiltinoc...', 122, Array)
#1 /Users/wiltinoco/Documents/PROYECTOS/funydrive/vendor/laravel/framework/src/Illuminate/Filesystem/Filesystem.php(122): file_put_contents('/Users/wiltinoc...', 'a:3:{s:6:\"_toke...', 2)
#2 /Users/wiltinoco/Documents/PROYECTOS/funydrive/vendor/laravel/framework/src/Illuminate/Session/FileSessionHandler.php(83): Illuminate\\Filesystem\\Filesystem->put('/Users/wiltinoc...', 'a:3:{s:6:\"_toke...', true)
#3 /Users/wiltinoco/Documents/PROYECTOS/funydrive/vendor/laravel/framework/src/Illuminate/Session/Store.php(129): Illuminate\\Session\\FileSessionHandler->write('tdPxz3JlxE4MAER...', 'a:3:{s:6:\"_toke...')
#4 /Users/wiltinoco/Documents/PROYECTOS/funydrive/vendor/laravel/framework/src/Illuminate/Session/Middleware/StartSession.php(87): Illuminate\\Session\\Store->save()
#5 /Users/wiltinoco/Documents/PROYECTOS/funydrive/vendor/laravel/framework/src/Illuminate/Foundation/Http/Kernel.php(218): Illuminate\\Session\\Middleware\\StartSession->terminate(Object(Illuminate\\Http\\Request), Object(Illuminate\\Http\\Response))
#6 /Users/wiltinoco/Documents/PROYECTOS/funydrive/vendor/laravel/framework/src/Illuminate/Foundation/Http/Kernel.php(189): Illuminate\\Foundation\\Http\\Kernel->terminateMiddleware(Object(Illuminate\\Http\\Request), Object(Illuminate\\Http\\Response))
#7 /Users/wiltinoco/Documents/PROYECTOS/funydrive/public/index.php(60): Illuminate\\Foundation\\Http\\Kernel->terminate(Object(Illuminate\\Http\\Request), Object(Illuminate\\Http\\Response))
#8 /Users/wiltinoco/.composer/vendor/laravel/valet/server.php(147): require('/Users/wiltinoc...')
#9 {main}
"} 
